2014-09-14 21:28:11,471 - milkmachine - INFO - Clicked Cancel
2014-09-14 21:28:22,082 - milkmachine - INFO - -----------------------------------------------------------------------------------------------------------------------------------------------
2014-09-14 21:28:22,082 - milkmachine - INFO - -----------------------------------------------------------------------------------------------------------------------------------------------
2014-09-14 21:28:22,082 - milkmachine - INFO - -----------------------------------------------------------------------------------------------------------------------------------------------
2014-09-14 21:28:22,082 - milkmachine - INFO - Milk Machine plugin initialized
2014-09-14 21:28:32,783 - milkmachine - INFO - IN selectList: [[u'2014/06/06 10:10:10', u'Time:10:10:10, Latitude: 39.965956, Longitude: -75.172291, Speed: 0.795546, Altitude: 18.755497', u'2014/06/06 10:10:10', NULL, NULL, NULL, NULL, NULL, NULL]]
2014-09-14 21:28:32,783 - milkmachine - INFO - IN jumptime: 70, ClockDateTime
2014-09-14 21:28:32,785 - milkmachine - INFO - WindOs: <_sre.SRE_Match object at 0x000000000F66DBF8>
2014-09-14 21:28:32,799 - milkmachine - INFO - jumptime: 70, ClockDateTime
2014-09-14 21:28:33,803 - milkmachine - INFO - pause: 0, pauseBreak 1, diffseconds: 1
2014-09-14 21:28:34,806 - milkmachine - INFO - pause: 0, pauseBreak 1, diffseconds: 1
2014-09-14 21:28:35,805 - milkmachine - INFO - pause: 0, pauseBreak 1, diffseconds: 1
2014-09-14 21:28:36,806 - milkmachine - INFO - pause: 0, pauseBreak 1, diffseconds: 1
2014-09-14 21:28:37,808 - milkmachine - INFO - pause: 0, pauseBreak 1, diffseconds: 1
2014-09-14 21:28:38,805 - milkmachine - INFO - pause: 0, pauseBreak 1, diffseconds: 1
2014-09-14 21:28:39,799 - milkmachine - INFO - pause: 1, pauseBreak 27, diffseconds: 27
2014-09-14 21:28:40,801 - milkmachine - INFO - pause: 2, pauseBreak 27, diffseconds: 27
2014-09-14 21:28:41,799 - milkmachine - INFO - pause: 3, pauseBreak 27, diffseconds: 27
2014-09-14 21:28:42,798 - milkmachine - INFO - pause: 4, pauseBreak 27, diffseconds: 27
2014-09-14 21:28:43,799 - milkmachine - INFO - pause: 5, pauseBreak 27, diffseconds: 27
2014-09-14 21:28:44,799 - milkmachine - INFO - pause: 6, pauseBreak 27, diffseconds: 27
2014-09-14 21:28:45,798 - milkmachine - INFO - pause: 7, pauseBreak 27, diffseconds: 27
2014-09-14 21:28:46,799 - milkmachine - INFO - pause: 8, pauseBreak 27, diffseconds: 27
2014-09-14 21:28:47,798 - milkmachine - INFO - pause: 9, pauseBreak 27, diffseconds: 27
2014-09-14 21:28:48,799 - milkmachine - INFO - pause: 10, pauseBreak 27, diffseconds: 27
2014-09-14 21:28:49,799 - milkmachine - INFO - pause: 11, pauseBreak 27, diffseconds: 27
2014-09-14 21:28:50,801 - milkmachine - INFO - pause: 12, pauseBreak 27, diffseconds: 27
2014-09-14 21:28:51,799 - milkmachine - INFO - pause: 13, pauseBreak 27, diffseconds: 27
2014-09-14 21:28:52,799 - milkmachine - INFO - pause: 14, pauseBreak 27, diffseconds: 27
2014-09-14 21:28:53,799 - milkmachine - INFO - pause: 15, pauseBreak 27, diffseconds: 27
2014-09-14 21:28:54,798 - milkmachine - INFO - pause: 16, pauseBreak 27, diffseconds: 27
2014-09-14 21:28:55,799 - milkmachine - INFO - pause: 17, pauseBreak 27, diffseconds: 27
2014-09-14 21:28:56,798 - milkmachine - INFO - pause: 18, pauseBreak 27, diffseconds: 27
2014-09-14 21:28:57,799 - milkmachine - INFO - pause: 19, pauseBreak 27, diffseconds: 27
2014-09-14 21:28:58,801 - milkmachine - INFO - pause: 20, pauseBreak 27, diffseconds: 27
2014-09-14 21:28:59,799 - milkmachine - INFO - pause: 21, pauseBreak 27, diffseconds: 27
2014-09-14 21:29:00,799 - milkmachine - INFO - pause: 22, pauseBreak 27, diffseconds: 27
2014-09-14 21:29:01,798 - milkmachine - INFO - pause: 23, pauseBreak 27, diffseconds: 27
2014-09-14 21:29:02,799 - milkmachine - INFO - pause: 24, pauseBreak 27, diffseconds: 27
2014-09-14 21:29:03,798 - milkmachine - INFO - pause: 25, pauseBreak 27, diffseconds: 27
2014-09-14 21:29:04,801 - milkmachine - INFO - pause: 26, pauseBreak 27, diffseconds: 27
2014-09-14 21:29:05,801 - milkmachine - INFO - pause: 27, pauseBreak 27, diffseconds: 27
2014-09-14 21:29:06,805 - milkmachine - INFO - pause: 0, pauseBreak 27, diffseconds: 27
2014-09-14 21:29:07,805 - milkmachine - INFO - pause: 0, pauseBreak 1, diffseconds: 1
2014-09-14 21:29:08,806 - milkmachine - INFO - pause: 0, pauseBreak 1, diffseconds: 1
2014-09-14 21:29:09,805 - milkmachine - INFO - pause: 0, pauseBreak 1, diffseconds: 1
2014-09-14 21:29:10,805 - milkmachine - INFO - pause: 0, pauseBreak 1, diffseconds: 1
2014-09-14 21:29:11,805 - milkmachine - INFO - pause: 0, pauseBreak 1, diffseconds: 1
2014-09-14 21:29:12,805 - milkmachine - INFO - pause: 0, pauseBreak 1, diffseconds: 1
2014-09-14 21:29:13,805 - milkmachine - INFO - pause: 0, pauseBreak 1, diffseconds: 1
2014-09-14 21:29:14,803 - milkmachine - INFO - pause: 0, pauseBreak 1, diffseconds: 1
2014-09-14 21:29:15,803 - milkmachine - INFO - pause: 0, pauseBreak 1, diffseconds: 1
2014-09-14 21:29:16,803 - milkmachine - INFO - pause: 0, pauseBreak 1, diffseconds: 1
2014-09-14 21:29:17,806 - milkmachine - INFO - pause: 0, pauseBreak 1, diffseconds: 1
2014-09-14 21:29:18,806 - milkmachine - INFO - pause: 0, pauseBreak 1, diffseconds: 1
2014-09-14 21:29:19,806 - milkmachine - INFO - pause: 0, pauseBreak 1, diffseconds: 1
2014-09-14 21:29:20,805 - milkmachine - INFO - pause: 0, pauseBreak 1, diffseconds: 1
2014-09-14 21:29:21,803 - milkmachine - INFO - pause: 0, pauseBreak 1, diffseconds: 1
2014-09-14 21:29:22,806 - milkmachine - INFO - pause: 0, pauseBreak 1, diffseconds: 1
2014-09-14 21:29:23,799 - milkmachine - INFO - pause: 1, pauseBreak 1018, diffseconds: 1018
2014-09-14 21:29:28,302 - milkmachine - INFO - Clicked Cancel
2014-09-14 21:32:39,171 - milkmachine - INFO - -----------------------------------------------------------------------------------------------------------------------------------------------
2014-09-14 21:32:39,171 - milkmachine - INFO - -----------------------------------------------------------------------------------------------------------------------------------------------
2014-09-14 21:32:39,171 - milkmachine - INFO - -----------------------------------------------------------------------------------------------------------------------------------------------
2014-09-14 21:32:39,171 - milkmachine - INFO - Milk Machine plugin initialized
2014-09-14 21:32:51,328 - milkmachine - INFO - IN selectList: [[u'2014/06/06 10:10:10', u'Time:10:10:10, Latitude: 39.965956, Longitude: -75.172291, Speed: 0.795546, Altitude: 18.755497', u'2014/06/06 10:10:10', NULL, NULL, NULL, NULL, NULL, NULL]]
2014-09-14 21:32:51,329 - milkmachine - INFO - IN jumptime: 70, ClockDateTime
2014-09-14 21:32:51,329 - milkmachine - INFO - WindOs: <_sre.SRE_Match object at 0x000000000F66DF38>
2014-09-14 21:32:51,345 - milkmachine - INFO - jumptime: 70, ClockDateTime
2014-09-14 21:32:52,358 - milkmachine - INFO - pause: 0, pauseBreak 1, diffseconds: 1
2014-09-14 21:32:53,352 - milkmachine - INFO - pause: 0, pauseBreak 1, diffseconds: 1
2014-09-14 21:32:54,352 - milkmachine - INFO - pause: 0, pauseBreak 1, diffseconds: 1
2014-09-14 21:32:55,351 - milkmachine - INFO - pause: 0, pauseBreak 1, diffseconds: 1
2014-09-14 21:32:56,354 - milkmachine - INFO - pause: 0, pauseBreak 1, diffseconds: 1
2014-09-14 21:32:57,355 - milkmachine - INFO - pause: 0, pauseBreak 1, diffseconds: 1
2014-09-14 21:32:58,345 - milkmachine - INFO - pause: 1, pauseBreak 27, diffseconds: 27
2014-09-14 21:32:59,348 - milkmachine - INFO - pause: 2, pauseBreak 27, diffseconds: 27
2014-09-14 21:33:00,348 - milkmachine - INFO - pause: 3, pauseBreak 27, diffseconds: 27
2014-09-14 21:33:01,345 - milkmachine - INFO - pause: 4, pauseBreak 27, diffseconds: 27
2014-09-14 21:33:02,346 - milkmachine - INFO - pause: 5, pauseBreak 27, diffseconds: 27
2014-09-14 21:33:03,348 - milkmachine - INFO - pause: 6, pauseBreak 27, diffseconds: 27
2014-09-14 21:33:04,346 - milkmachine - INFO - pause: 7, pauseBreak 27, diffseconds: 27
2014-09-14 21:33:05,345 - milkmachine - INFO - pause: 8, pauseBreak 27, diffseconds: 27
2014-09-14 21:33:06,345 - milkmachine - INFO - pause: 9, pauseBreak 27, diffseconds: 27
2014-09-14 21:33:07,345 - milkmachine - INFO - pause: 10, pauseBreak 27, diffseconds: 27
2014-09-14 21:33:08,346 - milkmachine - INFO - pause: 11, pauseBreak 27, diffseconds: 27
2014-09-14 21:33:09,345 - milkmachine - INFO - pause: 12, pauseBreak 27, diffseconds: 27
2014-09-14 21:33:10,348 - milkmachine - INFO - pause: 13, pauseBreak 27, diffseconds: 27
2014-09-14 21:33:11,346 - milkmachine - INFO - pause: 14, pauseBreak 27, diffseconds: 27
2014-09-14 21:33:12,345 - milkmachine - INFO - pause: 15, pauseBreak 27, diffseconds: 27
2014-09-14 21:33:13,349 - milkmachine - INFO - pause: 16, pauseBreak 27, diffseconds: 27
2014-09-14 21:33:14,348 - milkmachine - INFO - pause: 17, pauseBreak 27, diffseconds: 27
2014-09-14 21:33:15,346 - milkmachine - INFO - pause: 18, pauseBreak 27, diffseconds: 27
2014-09-14 21:33:16,345 - milkmachine - INFO - pause: 19, pauseBreak 27, diffseconds: 27
2014-09-14 21:33:17,345 - milkmachine - INFO - pause: 20, pauseBreak 27, diffseconds: 27
2014-09-14 21:33:18,348 - milkmachine - INFO - pause: 21, pauseBreak 27, diffseconds: 27
2014-09-14 21:33:19,345 - milkmachine - INFO - pause: 22, pauseBreak 27, diffseconds: 27
2014-09-14 21:33:20,348 - milkmachine - INFO - pause: 23, pauseBreak 27, diffseconds: 27
2014-09-14 21:33:21,348 - milkmachine - INFO - pause: 24, pauseBreak 27, diffseconds: 27
2014-09-14 21:33:22,346 - milkmachine - INFO - pause: 25, pauseBreak 27, diffseconds: 27
2014-09-14 21:33:23,348 - milkmachine - INFO - pause: 26, pauseBreak 27, diffseconds: 27
2014-09-14 21:33:24,346 - milkmachine - INFO - pause: 27, pauseBreak 27, diffseconds: 27
2014-09-14 21:33:25,351 - milkmachine - INFO - pause: 0, pauseBreak 27, diffseconds: 27
2014-09-14 21:33:26,351 - milkmachine - INFO - pause: 0, pauseBreak 1, diffseconds: 1
2014-09-14 21:33:27,355 - milkmachine - INFO - pause: 0, pauseBreak 1, diffseconds: 1
2014-09-14 21:33:28,354 - milkmachine - INFO - pause: 0, pauseBreak 1, diffseconds: 1
